TN:
SF:/Users/raphael.freitas/SyncStorage/flow-typed/npm/react-native_vx.x.x.js
FNF:0
FNH:0
LF:0
LH:0
BRF:0
BRH:0
end_of_record
TN:
SF:/Users/raphael.freitas/SyncStorage/src/index.js
FN:6,handleError
FN:16,(anonymous_1)
FN:17,(anonymous_2)
FN:18,(anonymous_3)
FN:25,(anonymous_4)
FN:29,(anonymous_5)
FN:36,(anonymous_6)
FN:43,(anonymous_7)
FNF:8
FNH:8
FNDA:2,handleError
FNDA:1,(anonymous_1)
FNDA:1,(anonymous_2)
FNDA:1,(anonymous_3)
FNDA:3,(anonymous_4)
FNDA:4,(anonymous_5)
FNDA:2,(anonymous_6)
FNDA:1,(anonymous_7)
DA:7,2
DA:8,2
DA:9,2
DA:17,1
DA:18,1
DA:19,1
DA:21,1
DA:26,3
DA:30,4
DA:32,3
DA:33,3
DA:37,2
DA:39,1
DA:40,1
DA:46,1
DA:47,1
DA:49,1
DA:52,1
DA:53,1
DA:57,1
LF:20
LH:20
BRDA:30,0,0,1
BRDA:30,0,1,3
BRDA:37,1,0,1
BRDA:37,1,1,1
BRF:4
BRH:4
end_of_record
