TN:
SF:/Users/raphael.freitas/SyncStorage/flow-typed/npm/react-native_vx.x.x.js
FNF:0
FNH:0
LF:0
LH:0
BRF:0
BRH:0
end_of_record
TN:
SF:/Users/raphael.freitas/SyncStorage/src/index.js
FN:12,(anonymous_0)
FN:13,(anonymous_1)
FN:14,(anonymous_2)
FN:21,(anonymous_3)
FN:25,(anonymous_4)
FN:32,(anonymous_5)
FN:39,(anonymous_6)
FNF:7
FNH:7
FNDA:1,(anonymous_0)
FNDA:1,(anonymous_1)
FNDA:1,(anonymous_2)
FNDA:3,(anonymous_3)
FNDA:4,(anonymous_4)
FNDA:2,(anonymous_5)
FNDA:1,(anonymous_6)
DA:13,1
DA:14,1
DA:15,1
DA:17,1
DA:22,3
DA:26,4
DA:28,3
DA:29,3
DA:33,2
DA:35,1
DA:36,1
DA:42,1
DA:43,1
DA:45,1
DA:48,1
DA:49,1
DA:53,1
LF:17
LH:17
BRDA:26,0,0,1
BRDA:26,0,1,3
BRDA:33,1,0,1
BRDA:33,1,1,1
BRF:4
BRH:4
end_of_record
TN:
SF:/Users/raphael.freitas/SyncStorage/src/helpers/handleError.js
FN:3,handleError
FNF:1
FNH:1
FNDA:2,handleError
DA:4,2
DA:5,2
DA:6,2
LF:3
LH:3
BRF:0
BRH:0
end_of_record
